"EXPLAIN"
"-> Filter: (users.salary > 12000)  (cost=0.85 rows=2) (actual time=0.040..0.046 rows=3 loops=1)
    -> Table scan on users  (cost=0.85 rows=6) (actual time=0.038..0.044 rows=6 loops=1)
"
